<?xml version="1.0" encoding="UTF-8"?>
<!-- Generated by org.testng.reporters.JUnitXMLReporter -->
<testsuite hostname="FZK" ignored="0" name="Test" tests="3" failures="0" timestamp="04 Feb 2022 17:37:36 GMT" time="0.086" errors="0">
  <testcase name="hello" time="0.02" classname="jenkinspackage.JenkinsPgm"/>
  <testcase name="jenkinsthree" time="0.005" classname="jenkinspackage.JenkinsPgm"/>
  <testcase name="methodtwo" time="0.004" classname="jenkinspackage.JenkinsPgm"/>
</testsuite> <!-- Test -->
