<?xml version="1.0" encoding="UTF-8"?>
<testng-results skipped="0" failed="0" ignored="0" total="3" passed="3">
  <reporter-output>
  </reporter-output>
  <suite name="Suite" duration-ms="86" started-at="2022-02-04T17:37:36Z" finished-at="2022-02-04T17:37:36Z">
    <groups>
    </groups>
    <test name="Test" duration-ms="86" started-at="2022-02-04T17:37:36Z" finished-at="2022-02-04T17:37:36Z">
      <class name="jenkinspackage.JenkinsPgm">
        <test-method status="PASS" signature="hello()[pri:0, instance:jenkinspackage.JenkinsPgm@3911c2a7]" name="hello" duration-ms="20" started-at="2022-02-04T17:37:36Z" finished-at="2022-02-04T17:37:36Z">
          <reporter-output>
          </reporter-output>
        </test-method> <!-- hello -->
        <test-method status="PASS" signature="jenkinsthree()[pri:0, instance:jenkinspackage.JenkinsPgm@3911c2a7]" name="jenkinsthree" duration-ms="5" started-at="2022-02-04T17:37:36Z" finished-at="2022-02-04T17:37:36Z">
          <reporter-output>
          </reporter-output>
        </test-method> <!-- jenkinsthree -->
        <test-method status="PASS" signature="methodtwo()[pri:0, instance:jenkinspackage.JenkinsPgm@3911c2a7]" name="methodtwo" duration-ms="4" started-at="2022-02-04T17:37:36Z" finished-at="2022-02-04T17:37:36Z">
          <reporter-output>
          </reporter-output>
        </test-method> <!-- methodtwo -->
      </class> <!-- jenkinspackage.JenkinsPgm -->
    </test> <!-- Test -->
  </suite> <!-- Suite -->
</testng-results>
